0 info it worked if it ends with ok
1 verbose cli [ '/home/d/Downloads/iojs-v3.3.1-linux-x64/bin/iojs',
1 verbose cli   '/usr/local/bin/npm',
1 verbose cli   'install',
1 verbose cli   '-S',
1 verbose cli   'web-animations' ]
2 info using npm@3.3.8
3 info using node@v3.3.1
4 silly loadCurrentTree Starting
5 silly install loadCurrentTree
6 silly install readLocalPackageData
7 silly fetchPackageMetaData web-animations
8 silly fetchNamedPackageData web-animations
9 silly mapToRegistry name web-animations
10 silly mapToRegistry using default registry
11 silly mapToRegistry registry https://registry.npmjs.org/
12 silly mapToRegistry uri https://registry.npmjs.org/web-animations
13 verbose request uri https://registry.npmjs.org/web-animations
14 verbose request no auth needed
15 info attempt registry request try #1 at 5:49:49 AM
16 verbose request using bearer token for auth
17 verbose request id 11679bd2e4a26b81
18 http request GET https://registry.npmjs.org/web-animations
19 http 404 https://registry.npmjs.org/web-animations
20 verbose headers { 'content-type': 'application/json',
20 verbose headers   'cache-control': 'max-age=0',
20 verbose headers   'content-length': '2',
20 verbose headers   'accept-ranges': 'bytes',
20 verbose headers   date: 'Fri, 19 Feb 2016 10:49:50 GMT',
20 verbose headers   via: '1.1 varnish',
20 verbose headers   connection: 'keep-alive',
20 verbose headers   'x-served-by': 'cache-ord1735-ORD',
20 verbose headers   'x-cache': 'MISS',
20 verbose headers   'x-cache-hits': '0',
20 verbose headers   'x-timer': 'S1455878990.525715,VS0,VE66' }
21 silly get cb [ 404,
21 silly get   { 'content-type': 'application/json',
21 silly get     'cache-control': 'max-age=0',
21 silly get     'content-length': '2',
21 silly get     'accept-ranges': 'bytes',
21 silly get     date: 'Fri, 19 Feb 2016 10:49:50 GMT',
21 silly get     via: '1.1 varnish',
21 silly get     connection: 'keep-alive',
21 silly get     'x-served-by': 'cache-ord1735-ORD',
21 silly get     'x-cache': 'MISS',
21 silly get     'x-cache-hits': '0',
21 silly get     'x-timer': 'S1455878990.525715,VS0,VE66' } ]
22 silly fetchPackageMetaData Error: Registry returned 404 for GET on https://registry.npmjs.org/web-animations
22 silly fetchPackageMetaData     at makeError (/home/d/Downloads/iojs-v3.3.1-linux-x64/lib/node_modules/npm/node_modules/npm-registry-client/lib/request.js:264:12)
22 silly fetchPackageMetaData     at CachingRegistryClient.<anonymous> (/home/d/Downloads/iojs-v3.3.1-linux-x64/lib/node_modules/npm/node_modules/npm-registry-client/lib/request.js:242:14)
22 silly fetchPackageMetaData     at Request._callback (/home/d/Downloads/iojs-v3.3.1-linux-x64/lib/node_modules/npm/node_modules/npm-registry-client/lib/request.js:172:14)
22 silly fetchPackageMetaData     at Request.self.callback (/home/d/Downloads/iojs-v3.3.1-linux-x64/lib/node_modules/npm/node_modules/request/request.js:198:22)
22 silly fetchPackageMetaData     at emitTwo (events.js:87:13)
22 silly fetchPackageMetaData     at Request.emit (events.js:172:7)
22 silly fetchPackageMetaData     at Request.<anonymous> (/home/d/Downloads/iojs-v3.3.1-linux-x64/lib/node_modules/npm/node_modules/request/request.js:1063:14)
22 silly fetchPackageMetaData     at emitOne (events.js:82:20)
22 silly fetchPackageMetaData     at Request.emit (events.js:169:7)
22 silly fetchPackageMetaData     at IncomingMessage.<anonymous> (/home/d/Downloads/iojs-v3.3.1-linux-x64/lib/node_modules/npm/node_modules/request/request.js:1009:12)
22 silly fetchPackageMetaData  error for web-animations { [Error: Registry returned 404 for GET on https://registry.npmjs.org/web-animations] pkgid: 'web-animations', statusCode: 404, code: 'E404' }
23 silly rollbackFailedOptional Starting
24 silly rollbackFailedOptional Finishing
25 silly runTopLevelLifecycles Starting
26 silly runTopLevelLifecycles Finishing
27 silly install printInstalled
28 verbose stack Error: Registry returned 404 for GET on https://registry.npmjs.org/web-animations
28 verbose stack     at makeError (/home/d/Downloads/iojs-v3.3.1-linux-x64/lib/node_modules/npm/node_modules/npm-registry-client/lib/request.js:264:12)
28 verbose stack     at CachingRegistryClient.<anonymous> (/home/d/Downloads/iojs-v3.3.1-linux-x64/lib/node_modules/npm/node_modules/npm-registry-client/lib/request.js:242:14)
28 verbose stack     at Request._callback (/home/d/Downloads/iojs-v3.3.1-linux-x64/lib/node_modules/npm/node_modules/npm-registry-client/lib/request.js:172:14)
28 verbose stack     at Request.self.callback (/home/d/Downloads/iojs-v3.3.1-linux-x64/lib/node_modules/npm/node_modules/request/request.js:198:22)
28 verbose stack     at emitTwo (events.js:87:13)
28 verbose stack     at Request.emit (events.js:172:7)
28 verbose stack     at Request.<anonymous> (/home/d/Downloads/iojs-v3.3.1-linux-x64/lib/node_modules/npm/node_modules/request/request.js:1063:14)
28 verbose stack     at emitOne (events.js:82:20)
28 verbose stack     at Request.emit (events.js:169:7)
28 verbose stack     at IncomingMessage.<anonymous> (/home/d/Downloads/iojs-v3.3.1-linux-x64/lib/node_modules/npm/node_modules/request/request.js:1009:12)
29 verbose statusCode 404
30 verbose pkgid web-animations
31 verbose cwd /mnt/B/Javascript_Monads/__acc_Zone_29/JS-monads-part4/client
32 error Linux 3.16.0-37-generic
33 error argv "/home/d/Downloads/iojs-v3.3.1-linux-x64/bin/iojs" "/usr/local/bin/npm" "install" "-S" "web-animations"
34 error node v3.3.1
35 error npm  v3.3.8
36 error code E404
37 error 404 Registry returned 404 for GET on https://registry.npmjs.org/web-animations
37 error 404
37 error 404 'web-animations' is not in the npm registry.
37 error 404 You should bug the author to publish it (or use the name yourself!)
37 error 404
37 error 404 Note that you can also install from a
37 error 404 tarball, folder, http url, or git url.
38 verbose exit [ 1, true ]
